Log file open, 11/17/21 17:07:25
LogWindows: Failed to load 'aqProf.dll' (GetLastError=126)
LogWindows: File 'aqProf.dll' does not exist
LogWindows: Failed to load 'VtuneApi.dll' (GetLastError=126)
LogWindows: File 'VtuneApi.dll' does not exist
LogWindows: Failed to load 'VtuneApi32e.dll' (GetLastError=126)
LogWindows: File 'VtuneApi32e.dll' does not exist
LogConsoleResponse: Display: Failed to find resolution value strings in scalability ini. Falling back to default.
LogConsoleResponse: Display: Failed to find resolution value strings in scalability ini. Falling back to default.
LogInit: Display: Running engine for game: LSDSIM
LogPlatformFile: Not using cached read wrapper
LogTaskGraph: Started task graph with 5 named threads and 47 total threads with 3 sets of task threads.
LogStats: Stats thread started at 0.260443
LogICUInternationalization: ICU TimeZone Detection - Raw Offset: +10:00, Platform Override: ''
LogInit: Display: Loading text-based GConfig....
LogPluginManager: Mounting plugin MeshPainting
LogPluginManager: Mounting plugin XGEController
LogPluginManager: Mounting plugin Paper2D
LogPluginManager: Mounting plugin LightPropagationVolume
LogPluginManager: Mounting plugin AISupport
LogPluginManager: Mounting plugin EnvironmentQueryEditor
LogPluginManager: Mounting plugin GameplayCameras
LogPluginManager: Mounting plugin CameraShakePreviewer
LogPluginManager: Mounting plugin LiveLink
LogPluginManager: Mounting plugin OodleData
LogPluginManager: Mounting plugin OodleNetwork
LogPluginManager: Mounting plugin CodeLiteSourceCodeAccess
LogPluginManager: Mounting plugin AnimationSharing
LogPluginManager: Mounting plugin KDevelopSourceCodeAccess
LogPluginManager: Mounting plugin CLionSourceCodeAccess
LogPluginManager: Mounting plugin NullSourceCodeAccess
LogPluginManager: Mounting plugin GitSourceControl
LogPluginManager: Mounting plugin PerforceSourceControl
LogPluginManager: Mounting plugin PixWinPlugin
LogPluginManager: Mounting plugin PlasticSourceControl
LogPluginManager: Mounting plugin PropertyAccessNode
LogPluginManager: Mounting plugin PluginUtils
LogPluginManager: Mounting plugin RiderSourceCodeAccess
LogPluginManager: Mounting plugin DatasmithContent
LogPluginManager: Mounting plugin SubversionSourceControl
LogPluginManager: Mounting plugin TextureFormatOodle
LogPluginManager: Mounting plugin VisualStudioSourceCodeAccess
LogPluginManager: Mounting plugin VisualStudioCodeSourceCodeAccess
LogPluginManager: Mounting plugin XCodeSourceCodeAccess
LogPluginManager: Mounting plugin UObjectPlugin
LogPluginManager: Mounting plugin VariantManagerContent
LogPluginManager: Mounting plugin AssetManagerEditor
LogPluginManager: Mounting plugin CryptoKeys
LogPluginManager: Mounting plugin CurveEditorTools
LogPluginManager: Mounting plugin DataValidation
LogPluginManager: Mounting plugin FacialAnimation
LogPluginManager: Mounting plugin AlembicImporter
LogPluginManager: Mounting plugin GameplayTagsEditor
LogPluginManager: Mounting plugin GeometryMode
LogPluginManager: Mounting plugin MacGraphicsSwitching
LogPluginManager: Mounting plugin MaterialAnalyzer
LogPluginManager: Mounting plugin MobileLauncherProfileWizard
LogPluginManager: Mounting plugin PluginBrowser
LogPluginManager: Mounting plugin AutomationUtils
LogPluginManager: Mounting plugin Niagara
LogPluginManager: Mounting plugin SpeedTreeImporter
LogPluginManager: Mounting plugin BackChannel
LogPluginManager: Mounting plugin ChaosCloth
LogPluginManager: Mounting plugin ChaosClothEditor
LogPluginManager: Mounting plugin ChaosNiagara
LogPluginManager: Mounting plugin ChaosEditor
LogPluginManager: Mounting plugin ChaosSolverPlugin
LogPluginManager: Mounting plugin CharacterAI
LogPluginManager: Mounting plugin GeometryCache
LogPluginManager: Mounting plugin GeometryCollectionPlugin
LogPluginManager: Mounting plugin GeometryProcessing
LogPluginManager: Mounting plugin PlatformCrypto
LogPluginManager: Mounting plugin OpenImageDenoise
LogPluginManager: Mounting plugin MotoSynth
LogPluginManager: Mounting plugin PlanarCut
LogPluginManager: Mounting plugin ProxyLODPlugin
LogPluginManager: Mounting plugin PythonScriptPlugin
LogPluginManager: Mounting plugin LuminPlatformFeatures
LogPluginManager: Mounting plugin MagicLeap
LogPluginManager: Mounting plugin SkeletalReduction
LogPluginManager: Mounting plugin MagicLeapLightEstimation
LogPluginManager: Mounting plugin MagicLeapMedia
LogPluginManager: Mounting plugin MagicLeapPassableWorld
LogPluginManager: Mounting plugin MLSDK
LogPluginManager: Mounting plugin AndroidMedia
LogPluginManager: Mounting plugin AvfMedia
LogPluginManager: Mounting plugin ImgMedia
LogPluginManager: Mounting plugin MediaCompositing
LogPluginManager: Mounting plugin TcpMessaging
LogPluginManager: Mounting plugin UdpMessaging
LogPluginManager: Mounting plugin ActorSequence
LogPluginManager: Mounting plugin MediaPlayerEditor
LogPluginManager: Mounting plugin WebMMedia
LogPluginManager: Mounting plugin LevelSequenceEditor
LogPluginManager: Mounting plugin WmfMedia
LogPluginManager: Mounting plugin MatineeToLevelSequence
LogPluginManager: Mounting plugin TemplateSequence
LogPluginManager: Mounting plugin OnlineSubsystem
LogPluginManager: Mounting plugin LauncherChunkInstaller
LogPluginManager: Mounting plugin ActorLayerUtilities
LogPluginManager: Mounting plugin OnlineSubsystemNull
LogPluginManager: Mounting plugin AndroidDeviceProfileSelector
LogPluginManager: Mounting plugin AndroidMoviePlayer
LogPluginManager: Mounting plugin OnlineSubsystemUtils
LogPluginManager: Mounting plugin AndroidPermission
LogPluginManager: Mounting plugin AppleImageUtils
LogPluginManager: Mounting plugin AppleMoviePlayer
LogPluginManager: Mounting plugin ArchVisCharacter
LogPluginManager: Mounting plugin AssetTags
LogPluginManager: Mounting plugin AudioCapture
LogPluginManager: Mounting plugin AudioSynesthesia
LogPluginManager: Mounting plugin CableComponent
LogPluginManager: Mounting plugin ChunkDownloader
LogPluginManager: Mounting plugin CustomMeshComponent
LogPluginManager: Mounting plugin EditableMesh
LogPluginManager: Mounting plugin ExampleDeviceProfileSelector
LogPluginManager: Mounting plugin GoogleCloudMessaging
LogPluginManager: Mounting plugin GooglePAD
LogPluginManager: Mounting plugin IOSDeviceProfileSelector
LogPluginManager: Mounting plugin LinuxDeviceProfileSelector
LogPluginManager: Mounting plugin LocationServicesBPLibrary
LogPluginManager: Mounting plugin MobilePatchingUtils
LogPluginManager: Mounting plugin OpenXR
LogPluginManager: Mounting plugin OpenXREyeTracker
LogPluginManager: Mounting plugin OpenXRHandTracking
LogPluginManager: Mounting plugin PhysXVehicles
LogPluginManager: Mounting plugin PostSplashScreen
LogPluginManager: Mounting plugin ProceduralMeshComponent
LogPluginManager: Mounting plugin PropertyAccessEditor
LogPluginManager: Mounting plugin RuntimePhysXCooking
LogPluginManager: Mounting plugin SignificanceManager
LogPluginManager: Mounting plugin SoundFields
LogPluginManager: Mounting plugin Synthesis
LogPluginManager: Mounting plugin WebMMoviePlayer
LogPluginManager: Mounting plugin WindowsMoviePlayer
LogPluginManager: Mounting plugin ScreenshotTools
LogPluginManager: Mounting plugin Takes
LogPluginManager: Mounting plugin ContentBrowserAssetDataSource
LogPluginManager: Mounting plugin ContentBrowserClassDataSource
LogPluginManager: Mounting plugin ContentBrowserFileDataSource
LogPluginManager: Mounting plugin OnlineSubsystemGooglePlay
LogPluginManager: Mounting plugin OnlineSubsystemIOS
LogPluginManager: Mounting plugin OculusVR
LogPluginManager: Mounting plugin SteamVR
PixWinPlugin: PIX capture plugin failed to initialize! Check that the process is launched from PIX.
LogInit: Using libcurl 7.55.1-DEV
LogInit:  - built for x86_64-pc-win32
LogInit:  - supports SSL with OpenSSL/1.1.1
LogInit:  - supports HTTP deflate (compression) using libz 1.2.8
LogInit:  - other features:
LogInit:      CURL_VERSION_SSL
LogInit:      CURL_VERSION_LIBZ
LogInit:      CURL_VERSION_IPV6
LogInit:      CURL_VERSION_ASYNCHDNS
LogInit:      CURL_VERSION_LARGEFILE
LogInit:      CURL_VERSION_IDN
LogInit:  CurlRequestOptions (configurable via config and command line):
LogInit:  - bVerifyPeer = true  - Libcurl will verify peer certificate
LogInit:  - bUseHttpProxy = false  - Libcurl will NOT use HTTP proxy
LogInit:  - bDontReuseConnections = false  - Libcurl will reuse connections
LogInit:  - MaxHostConnections = 16  - Libcurl will limit the number of connections to a host
LogInit:  - LocalHostAddr = Default
LogInit:  - BufferSize = 65536
LogOnline: OSS: Creating online subsystem instance for: NULL
LogInit: WinSock: version 1.1 (2.2), MaxSocks=32767, MaxUdp=65467
LogOnline: OSS: TryLoadSubsystemAndSetDefault: Loaded subsystem for module [NULL]
LogOculusPluginWrapper: OculusPlugin initialized successfully
LogHMD: Failed initializing OVRPlugin 1.59.0
LogInit: Build: ++UE4+Release-4.27-CL-17155196
LogInit: Engine Version: 4.27.0-17155196+++UE4+Release-4.27
LogInit: Compatible Engine Version: 4.27.0-17155196+++UE4+Release-4.27
LogInit: Net CL: 17155196
LogInit: OS: Windows 10 (Release 2009) (), CPU: AMD Ryzen 5 1600 Six-Core Processor            , GPU: NVIDIA GeForce GTX 1080
LogInit: Compiled (64-bit): Aug 13 2021 06:13:13
LogInit: Compiled with Visual C++: 19.24.28315.00
LogInit: Build Configuration: Development
LogInit: Branch Name: ++UE4+Release-4.27
LogInit: Command Line:  /Game/FirstPersonBP/Maps/Robs_Level -game -PIEVIACONSOLE -Multiprocess "GameUserSettingsINI=E:/Prototype 4/LSDSIM/LSDSIM/Saved/Config/Windows/PIEGameUserSettings0.ini" -MultiprocessSaveConfig -forcepassthrough -messaging -SessionName="Play in Standalone Game" -windowed -WinX=0 -WinY=24 SAVEWINPOS=1 -ResX=1910 -ResY=1006
LogInit: Base Directory: E:/UE4/UE_4.27/Engine/Binaries/Win64/
LogInit: Allocator: TBB
LogInit: Installed Engine Build: 1
LogDevObjectVersion: Number of dev versions registered: 29
LogDevObjectVersion:   Dev-Blueprints (B0D832E4-1F89-4F0D-ACCF-7EB736FD4AA2): 10
LogDevObjectVersion:   Dev-Build (E1C64328-A22C-4D53-A36C-8E866417BD8C): 0
LogDevObjectVersion:   Dev-Core (375EC13C-06E4-48FB-B500-84F0262A717E): 4
LogDevObjectVersion:   Dev-Editor (E4B068ED-F494-42E9-A231-DA0B2E46BB41): 40
LogDevObjectVersion:   Dev-Framework (CFFC743F-43B0-4480-9391-14DF171D2073): 37
LogDevObjectVersion:   Dev-Mobile (B02B49B5-BB20-44E9-A304-32B752E40360): 3
LogDevObjectVersion:   Dev-Networking (A4E4105C-59A1-49B5-A7C5-40C4547EDFEE): 0
LogDevObjectVersion:   Dev-Online (39C831C9-5AE6-47DC-9A44-9C173E1C8E7C): 0
LogDevObjectVersion:   Dev-Physics (78F01B33-EBEA-4F98-B9B4-84EACCB95AA2): 14
LogDevObjectVersion:   Dev-Platform (6631380F-2D4D-43E0-8009-CF276956A95A): 0
LogDevObjectVersion:   Dev-Rendering (12F88B9F-8875-4AFC-A67C-D90C383ABD29): 45
LogDevObjectVersion:   Dev-Sequencer (7B5AE74C-D270-4C10-A958-57980B212A5A): 13
LogDevObjectVersion:   Dev-VR (D7296918-1DD6-4BDD-9DE2-64A83CC13884): 3
LogDevObjectVersion:   Dev-LoadTimes (C2A15278-BFE7-4AFE-6C17-90FF531DF755): 1
LogDevObjectVersion:   Private-Geometry (6EACA3D4-40EC-4CC1-B786-8BED09428FC5): 3
LogDevObjectVersion:   Dev-AnimPhys (29E575DD-E0A3-4627-9D10-D276232CDCEA): 17
LogDevObjectVersion:   Dev-Anim (AF43A65D-7FD3-4947-9873-3E8ED9C1BB05): 15
LogDevObjectVersion:   Dev-ReflectionCapture (6B266CEC-1EC7-4B8F-A30B-E4D90942FC07): 1
LogDevObjectVersion:   Dev-Automation (0DF73D61-A23F-47EA-B727-89E90C41499A): 1
LogDevObjectVersion:   FortniteMain (601D1886-AC64-4F84-AA16-D3DE0DEAC7D6): 47
LogDevObjectVersion:   FortniteRelease (E7086368-6B23-4C58-8439-1B7016265E91): 1
LogDevObjectVersion:   Dev-Enterprise (9DFFBCD6-494F-0158-E221-12823C92A888): 10
LogDevObjectVersion:   Dev-Niagara (F2AED0AC-9AFE-416F-8664-AA7FFA26D6FC): 1
LogDevObjectVersion:   Dev-Destruction (174F1F0B-B4C6-45A5-B13F-2EE8D0FB917D): 10
LogDevObjectVersion:   Dev-Physics-Ext (35F94A83-E258-406C-A318-09F59610247C): 41
LogDevObjectVersion:   Dev-PhysicsMaterial-Chaos (B68FC16E-8B1B-42E2-B453-215C058844FE): 1
LogDevObjectVersion:   Dev-CineCamera (B2E18506-4273-CFC2-A54E-F4BB758BBA07): 1
LogDevObjectVersion:   Dev-VirtualProduction (64F58936-FD1B-42BA-BA96-7289D5D0FA4E): 1
LogDevObjectVersion:   Dev-MediaFramework (6F0ED827-A609-4895-9C91-998D90180EA4): 2
LogInit: Presizing for max 25165824 objects, including 0 objects not considered by GC, pre-allocating 0 bytes for permanent pool.
LogConfig: Applying CVar settings from Section [/Script/Engine.StreamingSettings] File [E:/Prototype 4/LSDSIM/LSDSIM/Saved/Config/Windows/Engine.ini]
LogConfig: Setting CVar [[s.MinBulkDataSizeForAsyncLoading:131072]]
LogConfig: Setting CVar [[s.AsyncLoadingThreadEnabled:0]]
LogConfig: Setting CVar [[s.EventDrivenLoaderEnabled:1]]
LogConfig: Setting CVar [[s.WarnIfTimeLimitExceeded:0]]
LogConfig: Setting CVar [[s.TimeLimitExceededMultiplier:1.5]]
LogConfig: Setting CVar [[s.TimeLimitExceededMinTime:0.005]]
LogConfig: Setting CVar [[s.UseBackgroundLevelStreaming:1]]
LogConfig: Setting CVar [[s.PriorityAsyncLoadingExtraTime:15.0]]
LogConfig: Setting CVar [[s.LevelStreamingActorsUpdateTimeLimit:5.0]]
LogConfig: Setting CVar [[s.PriorityLevelStreamingActorsUpdateExtraTime:5.0]]
LogConfig: Setting CVar [[s.LevelStreamingComponentsRegistrationGranularity:10]]
LogConfig: Setting CVar [[s.UnregisterComponentsTimeLimit:1.0]]
LogConfig: Setting CVar [[s.LevelStreamingComponentsUnregistrationGranularity:5]]
LogConfig: Setting CVar [[s.FlushStreamingOnExit:1]]
LogInit: Object subsystem initialized
LogConfig: Setting CVar [[con.DebugEarlyDefault:1]]
LogConfig: Setting CVar [[r.setres:1280x720]]
[2021.11.17-06.07.28:442][  0]LogConfig: Setting CVar [[con.DebugEarlyDefault:1]]
[2021.11.17-06.07.28:442][  0]LogConfig: Setting CVar [[r.setres:1280x720]]
[2021.11.17-06.07.28:442][  0]LogConfig: Applying CVar settings from Section [/Script/Engine.RendererSettings] File [E:/Prototype 4/LSDSIM/LSDSIM/Saved/Config/Windows/Engine.ini]
[2021.11.17-06.07.28:442][  0]LogConfig: Setting CVar [[r.GPUCrashDebugging:0]]
[2021.11.17-06.07.28:442][  0]LogConfig: Applying CVar settings from Section [/Script/Engine.RendererOverrideSettings] File [E:/Prototype 4/LSDSIM/LSDSIM/Saved/Config/Windows/Engine.ini]
[2021.11.17-06.07.28:442][  0]LogConfig: Applying CVar settings from Section [/Script/Engine.StreamingSettings] File [E:/Prototype 4/LSDSIM/LSDSIM/Saved/Config/Windows/Engine.ini]
[2021.11.17-06.07.28:442][  0]LogConfig: Setting CVar [[s.MinBulkDataSizeForAsyncLoading:131072]]
[2021.11.17-06.07.28:442][  0]LogConfig: Setting CVar [[s.AsyncLoadingThreadEnabled:0]]
[2021.11.17-06.07.28:442][  0]LogConfig: Setting CVar [[s.EventDrivenLoaderEnabled:1]]
[2021.11.17-06.07.28:442][  0]LogConfig: Setting CVar [[s.WarnIfTimeLimitExceeded:0]]
[2021.11.17-06.07.28:442][  0]LogConfig: Setting CVar [[s.TimeLimitExceededMultiplier:1.5]]
[2021.11.17-06.07.28:442][  0]LogConfig: Setting CVar [[s.TimeLimitExceededMinTime:0.005]]
[2021.11.17-06.07.28:443][  0]LogConfig: Setting CVar [[s.UseBackgroundLevelStreaming:1]]
[2021.11.17-06.07.28:443][  0]LogConfig: Setting CVar [[s.PriorityAsyncLoadingExtraTime:15.0]]
[2021.11.17-06.07.28:443][  0]LogConfig: Setting CVar [[s.LevelStreamingActorsUpdateTimeLimit:5.0]]
[2021.11.17-06.07.28:443][  0]LogConfig: Setting CVar [[s.PriorityLevelStreamingActorsUpdateExtraTime:5.0]]
[2021.11.17-06.07.28:443][  0]LogConfig: Setting CVar [[s.LevelStreamingComponentsRegistrationGranularity:10]]
[2021.11.17-06.07.28:443][  0]LogConfig: Setting CVar [[s.UnregisterComponentsTimeLimit:1.0]]
[2021.11.17-06.07.28:443][  0]LogConfig: Setting CVar [[s.LevelStreamingComponentsUnregistrationGranularity:5]]
[2021.11.17-06.07.28:443][  0]LogConfig: Setting CVar [[s.FlushStreamingOnExit:1]]
[2021.11.17-06.07.28:443][  0]LogConfig: Applying CVar settings from Section [/Script/Engine.GarbageCollectionSettings] File [E:/Prototype 4/LSDSIM/LSDSIM/Saved/Config/Windows/Engine.ini]
[2021.11.17-06.07.28:443][  0]LogConfig: Setting CVar [[gc.MaxObjectsNotConsideredByGC:1]]
[2021.11.17-06.07.28:443][  0]LogConfig: Setting CVar [[gc.SizeOfPermanentObjectPool:0]]
[2021.11.17-06.07.28:443][  0]LogConfig: Setting CVar [[gc.FlushStreamingOnGC:0]]
[2021.11.17-06.07.28:443][  0]LogConfig: Setting CVar [[gc.NumRetriesBeforeForcingGC:10]]
[2021.11.17-06.07.28:443][  0]LogConfig: Setting CVar [[gc.AllowParallelGC:1]]
[2021.11.17-06.07.28:443][  0]LogConfig: Setting CVar [[gc.TimeBetweenPurgingPendingKillObjects:61.1]]
[2021.11.17-06.07.28:443][  0]LogConfig: Setting CVar [[gc.MaxObjectsInEditor:25165824]]
[2021.11.17-06.07.28:443][  0]LogConfig: Setting CVar [[gc.IncrementalBeginDestroyEnabled:1]]
[2021.11.17-06.07.28:443][  0]LogConfig: Setting CVar [[gc.CreateGCClusters:1]]
[2021.11.17-06.07.28:443][  0]LogConfig: Setting CVar [[gc.MinGCClusterSize:5]]
[2021.11.17-06.07.28:443][  0]LogConfig: Setting CVar [[gc.ActorClusteringEnabled:0]]
[2021.11.17-06.07.28:443][  0]LogConfig: Setting CVar [[gc.BlueprintClusteringEnabled:0]]
[2021.11.17-06.07.28:443][  0]LogConfig: Setting CVar [[gc.UseDisregardForGCOnDedicatedServers:0]]
[2021.11.17-06.07.28:443][  0]LogConfig: Setting CVar [[gc.MultithreadedDestructionEnabled:1]]
[2021.11.17-06.07.28:443][  0]LogConfig: Applying CVar settings from Section [/Script/Engine.NetworkSettings] File [E:/Prototype 4/LSDSIM/LSDSIM/Saved/Config/Windows/Engine.ini]
[2021.11.17-06.07.28:443][  0]LogConfig: Applying CVar settings from Section [/Script/UnrealEd.CookerSettings] File [E:/Prototype 4/LSDSIM/LSDSIM/Saved/Config/Windows/Engine.ini]
[2021.11.17-06.07.28:467][  0]LogConfig: Applying CVar settings from Section [ViewDistanceQuality@3] File [E:/Prototype 4/LSDSIM/LSDSIM/Saved/Config/Windows/Scalability.ini]
[2021.11.17-06.07.28:467][  0]LogConfig: Setting CVar [[r.SkeletalMeshLODBias:0]]
[2021.11.17-06.07.28:467][  0]LogConfig: Setting CVar [[r.ViewDistanceScale:1.0]]
[2021.11.17-06.07.28:467][  0]LogConfig: Applying CVar settings from Section [AntiAliasingQuality@3] File [E:/Prototype 4/LSDSIM/LSDSIM/Saved/Config/Windows/Scalability.ini]
[2021.11.17-06.07.28:467][  0]LogConfig: Setting CVar [[r.PostProcessAAQuality:4]]
[2021.11.17-06.07.28:467][  0]LogConfig: Applying CVar settings from Section [ShadowQuality@3] File [E:/Prototype 4/LSDSIM/LSDSIM/Saved/Config/Windows/Scalability.ini]
[2021.11.17-06.07.28:467][  0]LogConfig: Setting CVar [[r.LightFunctionQuality:1]]
[2021.11.17-06.07.28:467][  0]LogConfig: Setting CVar [[r.ShadowQuality:5]]
[2021.11.17-06.07.28:467][  0]LogConfig: Setting CVar [[r.Shadow.CSM.MaxCascades:10]]
[2021.11.17-06.07.28:467][  0]LogConfig: Setting CVar [[r.Shadow.MaxResolution:2048]]
[2021.11.17-06.07.28:468][  0]LogConfig: Setting CVar [[r.Shadow.MaxCSMResolution:2048]]
[2021.11.17-06.07.28:468][  0]LogConfig: Setting CVar [[r.Shadow.RadiusThreshold:0.01]]
[2021.11.17-06.07.28:468][  0]LogConfig: Setting CVar [[r.Shadow.DistanceScale:1.0]]
[2021.11.17-06.07.28:468][  0]LogConfig: Setting CVar [[r.Shadow.CSM.TransitionScale:1.0]]
[2021.11.17-06.07.28:468][  0]LogConfig: Setting CVar [[r.Shadow.PreShadowResolutionFactor:1.0]]
[2021.11.17-06.07.28:468][  0]LogConfig: Setting CVar [[r.DistanceFieldShadowing:1]]
[2021.11.17-06.07.28:468][  0]LogConfig: Setting CVar [[r.DistanceFieldAO:1]]
[2021.11.17-06.07.28:468][  0]LogConfig: Setting CVar [[r.AOQuality:2]]
[2021.11.17-06.07.28:468][  0]LogConfig: Setting CVar [[r.VolumetricFog:1]]
[2021.11.17-06.07.28:468][  0]LogConfig: Setting CVar [[r.VolumetricFog.GridPixelSize:8]]
[2021.11.17-06.07.28:468][  0]LogConfig: Setting CVar [[r.VolumetricFog.GridSizeZ:128]]
[2021.11.17-06.07.28:468][  0]LogConfig: Setting CVar [[r.VolumetricFog.HistoryMissSupersampleCount:4]]
[2021.11.17-06.07.28:468][  0]LogConfig: Setting CVar [[r.LightMaxDrawDistanceScale:1]]
[2021.11.17-06.07.28:468][  0]LogConfig: Setting CVar [[r.CapsuleShadows:1]]
[2021.11.17-06.07.28:468][  0]LogConfig: Applying CVar settings from Section [PostProcessQuality@3] File [E:/Prototype 4/LSDSIM/LSDSIM/Saved/Config/Windows/Scalability.ini]
[2021.11.17-06.07.28:468][  0]LogConfig: Setting CVar [[r.MotionBlurQuality:4]]
[2021.11.17-06.07.28:468][  0]LogConfig: Setting CVar [[r.AmbientOcclusionMipLevelFactor:0.4]]
[2021.11.17-06.07.28:468][  0]LogConfig: Setting CVar [[r.AmbientOcclusionMaxQuality:100]]
[2021.11.17-06.07.28:468][  0]LogConfig: Setting CVar [[r.AmbientOcclusionLevels:-1]]
[2021.11.17-06.07.28:468][  0]LogConfig: Setting CVar [[r.AmbientOcclusionRadiusScale:1.0]]
[2021.11.17-06.07.28:468][  0]LogConfig: Setting CVar [[r.DepthOfFieldQuality:2]]
[2021.11.17-06.07.28:468][  0]LogConfig: Setting CVar [[r.RenderTargetPoolMin:400]]
[2021.11.17-06.07.28:468][  0]LogConfig: Setting CVar [[r.LensFlareQuality:2]]
[2021.11.17-06.07.28:468][  0]LogConfig: Setting CVar [[r.SceneColorFringeQuality:1]]
[2021.11.17-06.07.28:468][  0]LogConfig: Setting CVar [[r.EyeAdaptationQuality:2]]
[2021.11.17-06.07.28:468][  0]LogConfig: Setting CVar [[r.BloomQuality:5]]
[2021.11.17-06.07.28:468][  0]LogConfig: Setting CVar [[r.FastBlurThreshold:100]]
[2021.11.17-06.07.28:468][  0]LogConfig: Setting CVar [[r.Upscale.Quality:3]]
[2021.11.17-06.07.28:468][  0]LogConfig: Setting CVar [[r.Tonemapper.GrainQuantization:1]]
[2021.11.17-06.07.28:468][  0]LogConfig: Setting CVar [[r.LightShaftQuality:1]]
[2021.11.17-06.07.28:468][  0]LogConfig: Setting CVar [[r.Filter.SizeScale:1]]
[2021.11.17-06.07.28:468][  0]LogConfig: Setting CVar [[r.Tonemapper.Quality:5]]
[2021.11.17-06.07.28:468][  0]LogConfig: Setting CVar [[r.DOF.Gather.AccumulatorQuality:1        ; higher gathering accumulator quality]]
[2021.11.17-06.07.28:468][  0]LogConfig: Setting CVar [[r.DOF.Gather.PostfilterMethod:1          ; Median3x3 postfilering method]]
[2021.11.17-06.07.28:468][  0]LogConfig: Setting CVar [[r.DOF.Gather.EnableBokehSettings:0       ; no bokeh simulation when gathering]]
[2021.11.17-06.07.28:468][  0]LogConfig: Setting CVar [[r.DOF.Gather.RingCount:4                 ; medium number of samples when gathering]]
[2021.11.17-06.07.28:468][  0]LogConfig: Setting CVar [[r.DOF.Scatter.ForegroundCompositing:1    ; additive foreground scattering]]
[2021.11.17-06.07.28:468][  0]LogConfig: Setting CVar [[r.DOF.Scatter.BackgroundCompositing:2    ; additive background scattering]]
[2021.11.17-06.07.28:468][  0]LogConfig: Setting CVar [[r.DOF.Scatter.EnableBokehSettings:1      ; bokeh simulation when scattering]]
[2021.11.17-06.07.28:468][  0]LogConfig: Setting CVar [[r.DOF.Scatter.MaxSpriteRatio:0.1         ; only a maximum of 10% of scattered bokeh]]
[2021.11.17-06.07.28:468][  0]LogConfig: Setting CVar [[r.DOF.Recombine.Quality:1                ; cheap slight out of focus]]
[2021.11.17-06.07.28:468][  0]LogConfig: Setting CVar [[r.DOF.Recombine.EnableBokehSettings:0    ; no bokeh simulation on slight out of focus]]
[2021.11.17-06.07.28:468][  0]LogConfig: Setting CVar [[r.DOF.TemporalAAQuality:1                ; more stable temporal accumulation]]
[2021.11.17-06.07.28:468][  0]LogConfig: Setting CVar [[r.DOF.Kernel.MaxForegroundRadius:0.025]]
[2021.11.17-06.07.28:468][  0]LogConfig: Setting CVar [[r.DOF.Kernel.MaxBackgroundRadius:0.025]]
[2021.11.17-06.07.28:468][  0]LogConfig: Applying CVar settings from Section [TextureQuality@3] File [E:/Prototype 4/LSDSIM/LSDSIM/Saved/Config/Windows/Scalability.ini]
[2021.11.17-06.07.28:468][  0]LogConfig: Setting CVar [[r.Streaming.MipBias:0]]
[2021.11.17-06.07.28:468][  0]LogConfig: Setting CVar [[r.Streaming.AmortizeCPUToGPUCopy:0]]
[2021.11.17-06.07.28:468][  0]LogConfig: Setting CVar [[r.Streaming.MaxNumTexturesToStreamPerFrame:0]]
[2021.11.17-06.07.28:468][  0]LogConfig: Setting CVar [[r.Streaming.Boost:1]]
[2021.11.17-06.07.28:468][  0]LogConfig: Setting CVar [[r.MaxAnisotropy:8]]
[2021.11.17-06.07.28:468][  0]LogConfig: Setting CVar [[r.VT.MaxAnisotropy:8]]
[2021.11.17-06.07.28:468][  0]LogConfig: Setting CVar [[r.Streaming.LimitPoolSizeToVRAM:0]]
[2021.11.17-06.07.28:468][  0]LogConfig: Setting CVar [[r.Streaming.PoolSize:1000]]
[2021.11.17-06.07.28:468][  0]LogConfig: Setting CVar [[r.Streaming.MaxEffectiveScreenSize:0]]
[2021.11.17-06.07.28:468][  0]LogConfig: Applying CVar settings from Section [EffectsQuality@3] File [E:/Prototype 4/LSDSIM/LSDSIM/Saved/Config/Windows/Scalability.ini]
[2021.11.17-06.07.28:468][  0]LogConfig: Setting CVar [[r.TranslucencyLightingVolumeDim:64]]
[2021.11.17-06.07.28:468][  0]LogConfig: Setting CVar [[r.RefractionQuality:2]]
[2021.11.17-06.07.28:468][  0]LogConfig: Setting CVar [[r.SSR.Quality:3]]
[2021.11.17-06.07.28:468][  0]LogConfig: Setting CVar [[r.SSR.HalfResSceneColor:0]]
[2021.11.17-06.07.28:468][  0]LogConfig: Setting CVar [[r.SceneColorFormat:4]]
[2021.11.17-06.07.28:468][  0]LogConfig: Setting CVar [[r.DetailMode:2]]
[2021.11.17-06.07.28:468][  0]LogConfig: Setting CVar [[r.TranslucencyVolumeBlur:1]]
[2021.11.17-06.07.28:468][  0]LogConfig: Setting CVar [[r.MaterialQualityLevel:1 ; High quality]]
[2021.11.17-06.07.28:468][  0]LogConfig: Setting CVar [[r.AnisotropicMaterials:1]]
[2021.11.17-06.07.28:468][  0]LogConfig: Setting CVar [[r.SSS.Scale:1]]
[2021.11.17-06.07.28:468][  0]LogConfig: Setting CVar [[r.SSS.SampleSet:2]]
[2021.11.17-06.07.28:468][  0]LogConfig: Setting CVar [[r.SSS.Quality:1]]
[2021.11.17-06.07.28:469][  0]LogConfig: Setting CVar [[r.SSS.HalfRes:0]]
[2021.11.17-06.07.28:469][  0]LogConfig: Setting CVar [[r.SSGI.Quality:3]]
[2021.11.17-06.07.28:469][  0]LogConfig: Setting CVar [[r.EmitterSpawnRateScale:1.0]]
[2021.11.17-06.07.28:469][  0]LogConfig: Setting CVar [[r.ParticleLightQuality:2]]
[2021.11.17-06.07.28:469][  0]LogConfig: Setting CVar [[r.SkyAtmosphere.AerialPerspectiveLUT.FastApplyOnOpaque:1 ; Always have FastSkyLUT 1 in this case to avoid wrong sky]]
[2021.11.17-06.07.28:469][  0]LogConfig: Setting CVar [[r.SkyAtmosphere.AerialPerspectiveLUT.SampleCountMaxPerSlice:4]]
[2021.11.17-06.07.28:469][  0]LogConfig: Setting CVar [[r.SkyAtmosphere.AerialPerspectiveLUT.DepthResolution:16.0]]
[2021.11.17-06.07.28:469][  0]LogConfig: Setting CVar [[r.SkyAtmosphere.FastSkyLUT:1]]
[2021.11.17-06.07.28:469][  0]LogConfig: Setting CVar [[r.SkyAtmosphere.FastSkyLUT.SampleCountMin:4.0]]
[2021.11.17-06.07.28:469][  0]LogConfig: Setting CVar [[r.SkyAtmosphere.FastSkyLUT.SampleCountMax:128.0]]
[2021.11.17-06.07.28:469][  0]LogConfig: Setting CVar [[r.SkyAtmosphere.SampleCountMin:4.0]]
[2021.11.17-06.07.28:469][  0]LogConfig: Setting CVar [[r.SkyAtmosphere.SampleCountMax:128.0]]
[2021.11.17-06.07.28:469][  0]LogConfig: Setting CVar [[r.SkyAtmosphere.TransmittanceLUT.UseSmallFormat:0]]
[2021.11.17-06.07.28:469][  0]LogConfig: Setting CVar [[r.SkyAtmosphere.TransmittanceLUT.SampleCount:10.0]]
[2021.11.17-06.07.28:469][  0]LogConfig: Setting CVar [[r.SkyAtmosphere.MultiScatteringLUT.SampleCount:15.0]]
[2021.11.17-06.07.28:469][  0]LogConfig: Setting CVar [[r.SkyLight.RealTimeReflectionCapture:1]]
[2021.11.17-06.07.28:469][  0]LogConfig: Applying CVar settings from Section [FoliageQuality@3] File [E:/Prototype 4/LSDSIM/LSDSIM/Saved/Config/Windows/Scalability.ini]
[2021.11.17-06.07.28:469][  0]LogConfig: Setting CVar [[foliage.DensityScale:1.0]]
[2021.11.17-06.07.28:469][  0]LogConfig: Setting CVar [[grass.DensityScale:1.0]]
[2021.11.17-06.07.28:469][  0]LogConfig: Applying CVar settings from Section [ShadingQuality@3] File [E:/Prototype 4/LSDSIM/LSDSIM/Saved/Config/Windows/Scalability.ini]
[2021.11.17-06.07.28:469][  0]LogConfig: Setting CVar [[r.HairStrands.SkyLighting.IntegrationType:2]]
[2021.11.17-06.07.28:469][  0]LogConfig: Setting CVar [[r.HairStrands.SkyAO.SampleCount:4]]
[2021.11.17-06.07.28:469][  0]LogConfig: Setting CVar [[r.HairStrands.Visibility.MSAA.SamplePerPixel:4]]
[2021.11.17-06.07.28:469][  0]LogInit: Selected Device Profile: [Windows]
[2021.11.17-06.07.28:469][  0]LogInit: Applying CVar settings loaded from the selected device profile: [Windows]
[2021.11.17-06.07.28:469][  0]LogHAL: Display: Platform has ~ 16 GB [17129697280 / 17179869184 / 16], which maps to Larger [LargestMinGB=32, LargerMinGB=12, DefaultMinGB=8, SmallerMinGB=6, SmallestMinGB=0)
[2021.11.17-06.07.28:469][  0]LogInit: Going up to parent DeviceProfile []
[2021.11.17-06.07.28:469][  0]LogConfig: Applying CVar settings from Section [ViewDistanceQuality@3] File [E:/Prototype 4/LSDSIM/LSDSIM/Saved/Config/Windows/Scalability.ini]
[2021.11.17-06.07.28:469][  0]LogConfig: Setting CVar [[r.SkeletalMeshLODBias:0]]
[2021.11.17-06.07.28:469][  0]LogConfig: Setting CVar [[r.ViewDistanceScale:1.0]]
[2021.11.17-06.07.28:469][  0]LogConfig: Applying CVar settings from Section [AntiAliasingQuality@3] File [E:/Prototype 4/LSDSIM/LSDSIM/Saved/Config/Windows/Scalability.ini]
[2021.11.17-06.07.28:469][  0]LogConfig: Setting CVar [[r.PostProcessAAQuality:4]]
[2021.11.17-06.07.28:469][  0]LogConfig: Applying CVar settings from Section [ShadowQuality@3] File [E:/Prototype 4/LSDSIM/LSDSIM/Saved/Config/Windows/Scalability.ini]
[2021.11.17-06.07.28:469][  0]LogConfig: Setting CVar [[r.LightFunctionQuality:1]]
[2021.11.17-06.07.28:469][  0]LogConfig: Setting CVar [[r.ShadowQuality:5]]
[2021.11.17-06.07.28:469][  0]LogConfig: Setting CVar [[r.Shadow.CSM.MaxCascades:10]]
[2021.11.17-06.07.28:469][  0]LogConfig: Setting CVar [[r.Shadow.MaxResolution:2048]]
[2021.11.17-06.07.28:469][  0]LogConfig: Setting CVar [[r.Shadow.MaxCSMResolution:2048]]
[2021.11.17-06.07.28:469][  0]LogConfig: Setting CVar [[r.Shadow.RadiusThreshold:0.01]]
[2021.11.17-06.07.28:469][  0]LogConfig: Setting CVar [[r.Shadow.DistanceScale:1.0]]
[2021.11.17-06.07.28:469][  0]LogConfig: Setting CVar [[r.Shadow.CSM.TransitionScale:1.0]]
[2021.11.17-06.07.28:469][  0]LogConfig: Setting CVar [[r.Shadow.PreShadowResolutionFactor:1.0]]
[2021.11.17-06.07.28:469][  0]LogConfig: Setting CVar [[r.DistanceFieldShadowing:1]]
[2021.11.17-06.07.28:469][  0]LogConfig: Setting CVar [[r.DistanceFieldAO:1]]
[2021.11.17-06.07.28:469][  0]LogConfig: Setting CVar [[r.AOQuality:2]]
[2021.11.17-06.07.28:469][  0]LogConfig: Setting CVar [[r.VolumetricFog:1]]
[2021.11.17-06.07.28:469][  0]LogConfig: Setting CVar [[r.VolumetricFog.GridPixelSize:8]]
[2021.11.17-06.07.28:469][  0]LogConfig: Setting CVar [[r.VolumetricFog.GridSizeZ:128]]
[2021.11.17-06.07.28:469][  0]LogConfig: Setting CVar [[r.VolumetricFog.HistoryMissSupersampleCount:4]]
[2021.11.17-06.07.28:469][  0]LogConfig: Setting CVar [[r.LightMaxDrawDistanceScale:1]]
[2021.11.17-06.07.28:469][  0]LogConfig: Setting CVar [[r.CapsuleShadows:1]]
[2021.11.17-06.07.28:469][  0]LogConfig: Applying CVar settings from Section [PostProcessQuality@3] File [E:/Prototype 4/LSDSIM/LSDSIM/Saved/Config/Windows/Scalability.ini]
[2021.11.17-06.07.28:469][  0]LogConfig: Setting CVar [[r.MotionBlurQuality:4]]
[2021.11.17-06.07.28:469][  0]LogConfig: Setting CVar [[r.AmbientOcclusionMipLevelFactor:0.4]]
[2021.11.17-06.07.28:469][  0]LogConfig: Setting CVar [[r.AmbientOcclusionMaxQuality:100]]
[2021.11.17-06.07.28:469][  0]LogConfig: Setting CVar [[r.AmbientOcclusionLevels:-1]]
[2021.11.17-06.07.28:469][  0]LogConfig: Setting CVar [[r.AmbientOcclusionRadiusScale:1.0]]
[2021.11.17-06.07.28:469][  0]LogConfig: Setting CVar [[r.DepthOfFieldQuality:2]]
[2021.11.17-06.07.28:469][  0]LogConfig: Setting CVar [[r.RenderTargetPoolMin:400]]
[2021.11.17-06.07.28:469][  0]LogConfig: Setting CVar [[r.LensFlareQuality:2]]
[2021.11.17-06.07.28:470][  0]LogConfig: Setting CVar [[r.SceneColorFringeQuality:1]]
[2021.11.17-06.07.28:470][  0]LogConfig: Setting CVar [[r.EyeAdaptationQuality:2]]
[2021.11.17-06.07.28:470][  0]LogConfig: Setting CVar [[r.BloomQuality:5]]
[2021.11.17-06.07.28:470][  0]LogConfig: Setting CVar [[r.FastBlurThreshold:100]]
[2021.11.17-06.07.28:470][  0]LogConfig: Setting CVar [[r.Upscale.Quality:3]]
[2021.11.17-06.07.28:470][  0]LogConfig: Setting CVar [[r.Tonemapper.GrainQuantization:1]]
[2021.11.17-06.07.28:470][  0]LogConfig: Setting CVar [[r.LightShaftQuality:1]]
[2021.11.17-06.07.28:470][  0]LogConfig: Setting CVar [[r.Filter.SizeScale:1]]
[2021.11.17-06.07.28:470][  0]LogConfig: Setting CVar [[r.Tonemapper.Quality:5]]
[2021.11.17-06.07.28:470][  0]LogConfig: Setting CVar [[r.DOF.Gather.AccumulatorQuality:1        ; higher gathering accumulator quality]]
[2021.11.17-06.07.28:470][  0]LogConfig: Setting CVar [[r.DOF.Gather.PostfilterMethod:1          ; Median3x3 postfilering method]]
[2021.11.17-06.07.28:470][  0]LogConfig: Setting CVar [[r.DOF.Gather.EnableBokehSettings:0       ; no bokeh simulation when gathering]]
[2021.11.17-06.07.28:470][  0]LogConfig: Setting CVar [[r.DOF.Gather.RingCount:4                 ; medium number of samples when gathering]]
[2021.11.17-06.07.28:470][  0]LogConfig: Setting CVar [[r.DOF.Scatter.ForegroundCompositing:1    ; additive foreground scattering]]
[2021.11.17-06.07.28:470][  0]LogConfig: Setting CVar [[r.DOF.Scatter.BackgroundCompositing:2    ; additive background scattering]]
[2021.11.17-06.07.28:470][  0]LogConfig: Setting CVar [[r.DOF.Scatter.EnableBokehSettings:1      ; bokeh simulation when scattering]]
[2021.11.17-06.07.28:470][  0]LogConfig: Setting CVar [[r.DOF.Scatter.MaxSpriteRatio:0.1         ; only a maximum of 10% of scattered bokeh]]
[2021.11.17-06.07.28:470][  0]LogConfig: Setting CVar [[r.DOF.Recombine.Quality:1                ; cheap slight out of focus]]
[2021.11.17-06.07.28:470][  0]LogConfig: Setting CVar [[r.DOF.Recombine.EnableBokehSettings:0    ; no bokeh simulation on slight out of focus]]
[2021.11.17-06.07.28:470][  0]LogConfig: Setting CVar [[r.DOF.TemporalAAQuality:1                ; more stable temporal accumulation]]
[2021.11.17-06.07.28:470][  0]LogConfig: Setting CVar [[r.DOF.Kernel.MaxForegroundRadius:0.025]]
[2021.11.17-06.07.28:470][  0]LogConfig: Setting CVar [[r.DOF.Kernel.MaxBackgroundRadius:0.025]]
[2021.11.17-06.07.28:470][  0]LogConfig: Applying CVar settings from Section [TextureQuality@3] File [E:/Prototype 4/LSDSIM/LSDSIM/Saved/Config/Windows/Scalability.ini]
[2021.11.17-06.07.28:470][  0]LogConfig: Setting CVar [[r.Streaming.MipBias:0]]
[2021.11.17-06.07.28:470][  0]LogConfig: Setting CVar [[r.Streaming.AmortizeCPUToGPUCopy:0]]
[2021.11.17-06.07.28:470][  0]LogConfig: Setting CVar [[r.Streaming.MaxNumTexturesToStreamPerFrame:0]]
[2021.11.17-06.07.28:470][  0]LogConfig: Setting CVar [[r.Streaming.Boost:1]]
[2021.11.17-06.07.28:470][  0]LogConfig: Setting CVar [[r.MaxAnisotropy:8]]
[2021.11.17-06.07.28:470][  0]LogConfig: Setting CVar [[r.VT.MaxAnisotropy:8]]
[2021.11.17-06.07.28:470][  0]LogConfig: Setting CVar [[r.Streaming.LimitPoolSizeToVRAM:0]]
[2021.11.17-06.07.28:470][  0]LogConfig: Setting CVar [[r.Streaming.PoolSize:1000]]
[2021.11.17-06.07.28:470][  0]LogConfig: Setting CVar [[r.Streaming.MaxEffectiveScreenSize:0]]
[2021.11.17-06.07.28:470][  0]LogConfig: Applying CVar settings from Section [EffectsQuality@3] File [E:/Prototype 4/LSDSIM/LSDSIM/Saved/Config/Windows/Scalability.ini]
[2021.11.17-06.07.28:470][  0]LogConfig: Setting CVar [[r.TranslucencyLightingVolumeDim:64]]
[2021.11.17-06.07.28:470][  0]LogConfig: Setting CVar [[r.RefractionQuality:2]]
[2021.11.17-06.07.28:470][  0]LogConfig: Setting CVar [[r.SSR.Quality:3]]
[2021.11.17-06.07.28:470][  0]LogConfig: Setting CVar [[r.SSR.HalfResSceneColor:0]]
[2021.11.17-06.07.28:470][  0]LogConfig: Setting CVar [[r.SceneColorFormat:4]]
[2021.11.17-06.07.28:470][  0]LogConfig: Setting CVar [[r.DetailMode:2]]
[2021.11.17-06.07.28:470][  0]LogConfig: Setting CVar [[r.TranslucencyVolumeBlur:1]]
[2021.11.17-06.07.28:470][  0]LogConfig: Setting CVar [[r.MaterialQualityLevel:1 ; High quality]]
[2021.11.17-06.07.28:470][  0]LogConfig: Setting CVar [[r.AnisotropicMaterials:1]]
[2021.11.17-06.07.28:470][  0]LogConfig: Setting CVar [[r.SSS.Scale:1]]
[2021.11.17-06.07.28:470][  0]LogConfig: Setting CVar [[r.SSS.SampleSet:2]]
[2021.11.17-06.07.28:470][  0]LogConfig: Setting CVar [[r.SSS.Quality:1]]
[2021.11.17-06.07.28:470][  0]LogConfig: Setting CVar [[r.SSS.HalfRes:0]]
[2021.11.17-06.07.28:470][  0]LogConfig: Setting CVar [[r.SSGI.Quality:3]]
[2021.11.17-06.07.28:470][  0]LogConfig: Setting CVar [[r.EmitterSpawnRateScale:1.0]]
[2021.11.17-06.07.28:470][  0]LogConfig: Setting CVar [[r.ParticleLightQuality:2]]
[2021.11.17-06.07.28:470][  0]LogConfig: Setting CVar [[r.SkyAtmosphere.AerialPerspectiveLUT.FastApplyOnOpaque:1 ; Always have FastSkyLUT 1 in this case to avoid wrong sky]]
[2021.11.17-06.07.28:470][  0]LogConfig: Setting CVar [[r.SkyAtmosphere.AerialPerspectiveLUT.SampleCountMaxPerSlice:4]]
[2021.11.17-06.07.28:470][  0]LogConfig: Setting CVar [[r.SkyAtmosphere.AerialPerspectiveLUT.DepthResolution:16.0]]
[2021.11.17-06.07.28:470][  0]LogConfig: Setting CVar [[r.SkyAtmosphere.FastSkyLUT:1]]
[2021.11.17-06.07.28:470][  0]LogConfig: Setting CVar [[r.SkyAtmosphere.FastSkyLUT.SampleCountMin:4.0]]
[2021.11.17-06.07.28:470][  0]LogConfig: Setting CVar [[r.SkyAtmosphere.FastSkyLUT.SampleCountMax:128.0]]
[2021.11.17-06.07.28:470][  0]LogConfig: Setting CVar [[r.SkyAtmosphere.SampleCountMin:4.0]]
[2021.11.17-06.07.28:470][  0]LogConfig: Setting CVar [[r.SkyAtmosphere.SampleCountMax:128.0]]
[2021.11.17-06.07.28:470][  0]LogConfig: Setting CVar [[r.SkyAtmosphere.TransmittanceLUT.UseSmallFormat:0]]
[2021.11.17-06.07.28:470][  0]LogConfig: Setting CVar [[r.SkyAtmosphere.TransmittanceLUT.SampleCount:10.0]]
[2021.11.17-06.07.28:470][  0]LogConfig: Setting CVar [[r.SkyAtmosphere.MultiScatteringLUT.SampleCount:15.0]]
[2021.11.17-06.07.28:470][  0]LogConfig: Setting CVar [[r.SkyLight.RealTimeReflectionCapture:1]]
[2021.11.17-06.07.28:470][  0]LogConfig: Applying CVar settings from Section [FoliageQuality@3] File [E:/Prototype 4/LSDSIM/LSDSIM/Saved/Config/Windows/Scalability.ini]
[2021.11.17-06.07.28:470][  0]LogConfig: Setting CVar [[foliage.DensityScale:1.0]]
[2021.11.17-06.07.28:470][  0]LogConfig: Setting CVar [[grass.DensityScale:1.0]]
[2021.11.17-06.07.28:470][  0]LogConfig: Applying CVar settings from Section [ShadingQuality@3] File [E:/Prototype 4/LSDSIM/LSDSIM/Saved/Config/Windows/Scalability.ini]
[2021.11.17-06.07.28:470][  0]LogConfig: Setting CVar [[r.HairStrands.SkyLighting.IntegrationType:2]]
[2021.11.17-06.07.28:470][  0]LogConfig: Setting CVar [[r.HairStrands.SkyAO.SampleCount:4]]
[2021.11.17-06.07.28:470][  0]LogConfig: Setting CVar [[r.HairStrands.Visibility.MSAA.SamplePerPixel:4]]
[2021.11.17-06.07.28:470][  0]LogConfig: Applying CVar settings from Section [Startup] File [../../../Engine/Config/ConsoleVariables.ini]
[2021.11.17-06.07.28:559][  0]LogConfig: Setting CVar [[net.UseAdaptiveNetUpdateFrequency:0]]
[2021.11.17-06.07.28:559][  0]LogConfig: Setting CVar [[p.chaos.AllowCreatePhysxBodies:1]]
[2021.11.17-06.07.28:559][  0]LogConfig: Setting CVar [[fx.SkipVectorVMBackendOptimizations:1]]
[2021.11.17-06.07.28:559][  0]LogConfig: Applying CVar settings from Section [ConsoleVariables] File [E:/Prototype 4/LSDSIM/LSDSIM/Saved/Config/Windows/Engine.ini]
[2021.11.17-06.07.28:559][  0]LogConfig: Applying CVar settings from Section [ConsoleVariables] File [E:/Prototype 4/LSDSIM/LSDSIM/Saved/Config/Windows/Editor.ini]
[2021.11.17-06.07.28:559][  0]LogInit: Computer: DESKTOP-VF0R4SA
[2021.11.17-06.07.28:559][  0]LogInit: User: nilse
[2021.11.17-06.07.28:559][  0]LogInit: CPU Page size=4096, Cores=8
[2021.11.17-06.07.28:559][  0]LogInit: High frequency timer resolution =10.000000 MHz
[2021.11.17-06.07.28:559][  0]LogMemory: Memory total: Physical=16.0GB (16GB approx)
[2021.11.17-06.07.28:559][  0]LogMemory: Platform Memory Stats for Windows
[2021.11.17-06.07.28:559][  0]LogMemory: Process Physical Memory: 146.46 MB used, 146.46 MB peak
[2021.11.17-06.07.28:559][  0]LogMemory: Process Virtual Memory: 128.91 MB used, 128.91 MB peak
[2021.11.17-06.07.28:559][  0]LogMemory: Physical Memory: 10104.25 MB used,  6231.91 MB free, 16336.15 MB total
[2021.11.17-06.07.28:559][  0]LogMemory: Virtual Memory: 134207640.00 MB used,  10091.38 MB free, 134217728.00 MB total
[2021.11.17-06.07.28:566][  0]LogWindows: WindowsPlatformFeatures enabled
[2021.11.17-06.07.30:446][  0]LogInit: Physics initialised using underlying interface: PhysX
[2021.11.17-06.07.30:446][  0]LogInit: Using OS detected language (en-GB).
[2021.11.17-06.07.30:446][  0]LogInit: Using OS detected locale (en-AU).
[2021.11.17-06.07.30:450][  0]LogTextLocalizationManager: No specific localization for 'en-GB' exists, so the 'en' localization will be used.
[2021.11.17-06.07.31:869][  0]LogWindowsTextInputMethodSystem: Display: IME system deactivated.
[2021.11.17-06.07.32:381][  0]LogSlate: New Slate User Created.  User Index 0, Is Virtual User: 0
[2021.11.17-06.07.32:382][  0]LogSlate: Slate User Registered.  User Index 0, Is Virtual User: 0
[2021.11.17-06.07.32:478][  0]LogD3D11RHI: Loaded GFSDK_Aftermath_Lib.x64.dll
[2021.11.17-06.07.32:483][  0]LogHMD: Failed to initialize OpenVR with code 110
[2021.11.17-06.07.32:483][  0]LogD3D11RHI: D3D11 min allowed feature level: 11_0
[2021.11.17-06.07.32:483][  0]LogD3D11RHI: D3D11 max allowed feature level: 11_0
[2021.11.17-06.07.32:483][  0]LogD3D11RHI: D3D11 adapters:
[2021.11.17-06.07.32:607][  0]LogD3D11RHI:    0. 'NVIDIA GeForce GTX 1080' (Feature Level 11_0)
[2021.11.17-06.07.32:607][  0]LogD3D11RHI:       8079/0/8168 MB DedicatedVideo/DedicatedSystem/SharedSystem, Outputs:1, VendorId:0x10de
[2021.11.17-06.07.32:611][  0]LogD3D11RHI:    1. 'Microsoft Basic Render Driver' (Feature Level 11_0)
[2021.11.17-06.07.32:611][  0]LogD3D11RHI:       0/0/8168 MB DedicatedVideo/DedicatedSystem/SharedSystem, Outputs:0, VendorId:0x1414
[2021.11.17-06.07.32:611][  0]LogD3D11RHI: Chosen D3D11 Adapter: 0
[2021.11.17-06.07.32:620][  0]LogD3D11RHI: Creating new Direct3DDevice
[2021.11.17-06.07.32:620][  0]LogD3D11RHI:     GPU DeviceId: 0x1b80 (for the marketing name, search the web for "GPU Device Id")
[2021.11.17-06.07.32:620][  0]LogWindows: EnumDisplayDevices:
[2021.11.17-06.07.32:620][  0]LogWindows:    0. 'NVIDIA GeForce GTX 1080' (P:1 D:1)
[2021.11.17-06.07.32:620][  0]LogWindows:    1. 'NVIDIA GeForce GTX 1080' (P:0 D:0)
[2021.11.17-06.07.32:620][  0]LogWindows:    2. 'NVIDIA GeForce GTX 1080' (P:0 D:0)
[2021.11.17-06.07.32:621][  0]LogWindows:    3. 'NVIDIA GeForce GTX 1080' (P:0 D:0)
[2021.11.17-06.07.32:621][  0]LogWindows: DebugString: FoundDriverCount:4 
[2021.11.17-06.07.32:621][  0]LogD3D11RHI:     Adapter Name: NVIDIA GeForce GTX 1080
[2021.11.17-06.07.32:621][  0]LogD3D11RHI:   Driver Version: 496.49 (internal:30.0.14.9649, unified:496.49)
[2021.11.17-06.07.32:621][  0]LogD3D11RHI:      Driver Date: 10-20-2021
[2021.11.17-06.07.32:621][  0]LogRHI: Texture pool is 5655 MB (70% of 8079 MB)
[2021.11.17-06.07.32:696][  0]LogD3D11RHI: RHI has support for 64 bit atomics
[2021.11.17-06.07.32:697][  0]LogD3D11RHI: Async texture creation enabled
[2021.11.17-06.07.32:697][  0]LogD3D11RHI: Array index from any shader is supported
[2021.11.17-06.07.32:739][  0]LogD3D11RHI: GPU Timing Frequency: 1000.000000 (Debug: 2 1)
[2021.11.17-06.07.32:834][  0]LogRHI: GeForceNow SDK initialized: 1
[2021.11.17-06.07.33:810][  0]LogTargetPlatformManager: Display: Loaded TargetPlatform 'WindowsNoEditor'
[2021.11.17-06.07.33:850][  0]LogTargetPlatformManager: Display: Loaded TargetPlatform 'Windows'
[2021.11.17-06.07.33:910][  0]LogTargetPlatformManager: Display: Loaded TargetPlatform 'WindowsClient'
[2021.11.17-06.07.33:926][  0]LogTargetPlatformManager: Display: Loaded TargetPlatform 'WindowsServer'
[2021.11.17-06.07.33:926][  0]LogTargetPlatformManager: Display: Building Assets For Windows
[2021.11.17-06.07.34:090][  0]LogAudioDebug: Display: Lib vorbis DLL was dynamically loaded.
[2021.11.17-06.07.34:470][  0]LogTextureFormatOodle: Display: Oodle Texture 2.9.0 init RDO Off
[2021.11.17-06.07.34:813][  0]LogRendererCore: Ray tracing is disabled. Reason: r.RayTracing=0.
[2021.11.17-06.07.34:813][  0]LogShaderCompilers: Guid format shader working directory is 5 characters bigger than the processId version (../../../../../Prototype 4/LSDSIM/LSDSIM/Intermediate/Shaders/WorkingDirectory/10848/).
[2021.11.17-06.07.34:813][  0]LogShaderCompilers: Cleaned the shader compiler working directory 'C:/Users/nilse/AppData/Local/Temp/UnrealShaderWorkingDir/FCD2BD4042A778198A927696BFA3CDF2/'.
[2021.11.17-06.07.34:813][  0]LogXGEController: Cannot use XGE Controller as Incredibuild is not installed on this machine.
[2021.11.17-06.07.34:813][  0]LogShaderCompilers: Cannot use XGE Shader Compiler as Incredibuild is not installed on this machine.
[2021.11.17-06.07.34:813][  0]LogShaderCompilers: Display: Using Local Shader Compiler.
[2021.11.17-06.07.37:294][  0]LogDerivedDataCache: Display: Max Cache Size: 512 MB
[2021.11.17-06.07.37:542][  0]LogDerivedDataCache: Loaded boot cache 0.25s 95MB C:/Users/nilse/AppData/Local/UnrealEngine/4.27/DerivedDataCache/Boot.ddc.
[2021.11.17-06.07.37:542][  0]LogDerivedDataCache: Display: Loaded Boot cache: C:/Users/nilse/AppData/Local/UnrealEngine/4.27/DerivedDataCache/Boot.ddc
[2021.11.17-06.07.37:543][  0]LogDerivedDataCache: FDerivedDataBackendGraph:  Pak pak cache file ../../../../../Prototype 4/LSDSIM/LSDSIM/DerivedDataCache/DDC.ddp not found, will not use a pak cache.
[2021.11.17-06.07.37:543][  0]LogDerivedDataCache: Unable to find inner node Pak for hierarchical cache Hierarchy.
[2021.11.17-06.07.37:543][  0]LogDerivedDataCache: FDerivedDataBackendGraph:  CompressedPak pak cache file ../../../../../Prototype 4/LSDSIM/LSDSIM/DerivedDataCache/Compressed.ddp not found, will not use a pak cache.
[2021.11.17-06.07.37:543][  0]LogDerivedDataCache: Unable to find inner node CompressedPak for hierarchical cache Hierarchy.
[2021.11.17-06.07.37:634][  0]LogDerivedDataCache: Display: Pak cache opened for reading ../../../Engine/DerivedDataCache/Compressed.ddp.
[2021.11.17-06.07.37:634][  0]LogDerivedDataCache: FDerivedDataBackendGraph:  EnterprisePak pak cache file ../../../Enterprise/DerivedDataCache/Compressed.ddp not found, will not use a pak cache.
[2021.11.17-06.07.37:634][  0]LogDerivedDataCache: Unable to find inner node EnterprisePak for hierarchical cache Hierarchy.
[2021.11.17-06.07.37:651][  0]LogDerivedDataCache: Speed tests for C:/Users/nilse/AppData/Local/UnrealEngine/Common/DerivedDataCache took 0.02 seconds
[2021.11.17-06.07.37:651][  0]LogDerivedDataCache: Display: Performance to C:/Users/nilse/AppData/Local/UnrealEngine/Common/DerivedDataCache: Latency=0.10ms. RandomReadSpeed=134.79MBs, RandomWriteSpeed=108.07MBs. Assigned SpeedClass 'Local'
[2021.11.17-06.07.37:652][  0]LogDerivedDataCache: Using Local data cache path C:/Users/nilse/AppData/Local/UnrealEngine/Common/DerivedDataCache: Writable
[2021.11.17-06.07.37:652][  0]LogDerivedDataCache: Shared data cache path not found in *engine.ini, will not use an Shared cache.
[2021.11.17-06.07.37:653][  0]LogDerivedDataCache: Unable to find inner node Shared for hierarchical cache Hierarchy.
[2021.11.17-06.07.37:730][  0]LogSlate: Using FreeType 2.10.0
[2021.11.17-06.07.37:743][  0]LogSlate: SlateFontServices - WITH_FREETYPE: 1, WITH_HARFBUZZ: 1
[2021.11.17-06.07.38:176][  0]LogInit: Using OS detected language (en-GB).
[2021.11.17-06.07.38:176][  0]LogInit: Using OS detected locale (en-AU).
[2021.11.17-06.07.38:176][  0]LogTextLocalizationManager: No localization for 'en-GB' exists, so 'en' will be used for the language.
[2021.11.17-06.07.38:176][  0]LogTextLocalizationManager: No localization for 'en-AU' exists, so 'en' will be used for the locale.
[2021.11.17-06.07.38:176][  0]LogSlate: FontCache flush requested. Reason: Culture for localization was changed
[2021.11.17-06.07.38:176][  0]LogSlate: FontCache flush requested. Reason: Culture for localization was changed
[2021.11.17-06.07.38:199][  0]LogTextLocalizationManager: Compacting localization data took   0.00ms
[2021.11.17-06.07.38:199][  0]LogAssetRegistry: FAssetRegistry took 0.0032 seconds to start up
[2021.11.17-06.07.38:462][  0]LogPackageLocalizationCache: Processed 27 localized package path(s) for 1 prioritized culture(s) in 0.023076 seconds
[2021.11.17-06.07.38:571][  0]LogInit: Selected Device Profile: [Windows]
[2021.11.17-06.07.38:571][  0]LogInit: Active device profile: [0000021595D72E00][000002159603CF80 49] Windows
[2021.11.17-06.07.38:571][  0]LogInit: Profiles: [0000021595D72E00][000002159603CF80 49] Windows, [0000021595D1DD00][0000021596045100 49] WindowsNoEditor, [0000021595D73B00][0000021596049280 49] WindowsServer, [0000021595D1EA00][00000215960413C0 49] WindowsClient, [0000021595D71900][000002159604D500 49] IOS, [0000021595D1D500][0000021596051640 49] iPadAir, [0000021595D73300][00000215960597C0 49] iPadAir2, [0000021595CD1100][0000021596061A80 49] IPadPro, [0000021595CD1200][000002159605DAC0 49] iPadAir3, [0000021595D1DE00][00000215960640C0 49] iPadAir4, [0000021595CD1E00][0000021596068240 49] iPadMini2, [0000021595D1ED00][000002159606C3C0 49] iPadMini3, [0000021595CD2800][0000021596070540 49] iPadMini4, [0000021595D1E300][00000215960746C0 49] iPadMini5, [0000021595CFCA00][000002159607C980 49] iPhone6, [0000021595CFCB00][00000215960789C0 49] iPodTouch6, [0000021595D72D00][0000021596084C80 49] iPhone7, [0000021595D71400][0000021596080CC0 49] iPodTouch7, [0000021595CD3F00][0000021596088E40 49] iPhone5S, [0000021595D71300][000002159608CFC0 49] iPhone6Plus, [0000021595D72900][0000021596091140 49] iPhone6S, [0000021595CFC600][00000215960952C0 49] iPhone6SPlus, [0000021595D72B00][0000021596099440 49] iPhone7Plus, [0000021595CFCC00][0000021596055580 49] iPhoneSE, [0000021595CD2D00][000002159609D6C0 49] iPhone8, [0000021595CFCF00][00000215960A1800 49] iPhone8Plus, [0000021595CD2C00][00000215960A5940 49] iPhoneX, [0000021595CFDB00][00000215960ADAC0 49] iPhoneXS, [0000021595CD3100][00000215960B00C0 49] iPhoneXSMax, [0000021595CFF400][00000215960B4240 49] iPhoneXR, [0000021595CD2B00][00000215960B83C0 49] iPhone11, [0000021595CFE000][00000215960BC540 49] iPhone11Pro, [0000021595CD2100][00000215960C06C0 49] iPhone11ProMax, [0000021595CFD400][00000215960C4840 49] iPhoneSE2, [0000021595CD3000][00000215960C89C0 49] iPhone12Mini, [0000021595CFFC00][00000215960CCB40 49] iPhone12, [0000021595CD0100][00000215960D0CC0 49] iPhone12Pro, [0000021595CFD800][00000215960D4E40 49] iPhone12ProMax, [0000021595CD1B00][00000215960D8FC0 49] iPadPro105, [0000021595CFF600][00000215960DD140 49] iPadPro129, [0000021595CD0B00][00000215960E12C0 49] iPadPro97, [0000021595CFF800][00000215960E5440 49] iPadPro2_129, [0000021595CD3400][00000215960E95C0 49] iPad5, [0000021595CFC400][00000215960A9700 49] iPad6, [0000021595CD1D00][00000215960ED840 49] iPad7, [0000021595CFE400][00000215960F1980 49] iPad8, [0000021595CD3A00][00000215960F5AC0 49] iPadPro11, [0000021595CFE100][00000215960FC0C0 49] iPadPro2_11, [0000021595CD3500][0000021596100240 49] iPadPro3_129, [0000021595CFC500][00000215961043C0 49] iPadPro4_129, [0000021595CD2900][0000021596108540 49] AppleTV, [0000021595CFE900][000002159610C6C0 49] AppleTV4K, [0000021595CD0C00][0000021596110840 49] TVOS, [0000021595CFC800][00000215961149C0 49] Mac, [0000021595CD0800][0000021596118B40 49] MacClient, [0000021595CFDD00][000002159611CCC0 49] MacNoEditor, [0000021595CD2E00][0000021596120E40 49] MacServer, [0000021595CFF900][0000021596124FC0 49] Linux, [0000021595CD1300][0000021596129140 49] LinuxAArch64, [0000021595CFED00][000002159612D2C0 49] LinuxNoEditor, [0000021595CD0200][0000021596131440 49] LinuxAArch64NoEditor, [0000021595CFEC00][00000215961355C0 49] LinuxClient, [0000021595CD1500][0000021596139740 49] LinuxAArch64Client, [0000021595CFF300][000002159613D8C0 49] LinuxServer, [0000021595CD2400][00000215960F9A00 49] LinuxAArch64Server, [0000021595CFF700][0000021596141B40 49] Android, [0000021595CD2200][0000021596144100 49] Android_Low, [0000021595CFEE00][000002159614C280 49] Android_Mid, [0000021595CD3C00][0000021596150400 49] Android_High, [0000021595CFD100][0000021596154580 49] Android_Default, [0000021595CD3200][0000021596158700 49] Android_Adreno4xx, [0000021595CFD900][000002159615C880 49] Android_Adreno5xx_Low, [0000021595CD0A00][0000021596160A00 49] Android_Adreno5xx, [0000021595CFFB00][0000021596164B80 49] Android_Adreno6xx, [0000021595CD2F00][0000021596168D00 49] Android_Adreno6xx_Vulkan, [0000021595D72C00][000002159616CE80 49] Android_Mali_T6xx, [0000021595D1EE00][0000021596171000 49] Android_Mali_T7xx, [0000021595D72A00][0000021596175180 49] Android_Mali_T8xx, [0000021595D1CD00][0000021596179300 49] Android_Mali_G71, [0000021595D71A00][000002159617D480 49] Android_Mali_G72, [0000021595D1C600][0000021596181600 49] Android_Mali_G72_Vulkan, [0000021595D70400][0000021596185780 49] Android_Mali_G76, [0000021595D1EB00][0000021596189900 49] Android_Mali_G76_Vulkan, [0000021595D70C00][000002159618DA80 49] Android_Mali_G77, [0000021595D1EF00][0000021596149BC0 49] Android_Mali_G77_Vulkan, [0000021595D70800][0000021596190180 49] Android_Mali_G78, [0000021595D1C800][00000215961942C0 49] Android_Mali_G78_Vulkan, [0000021595D72600][000002159619C440 49] Android_Mali_G710, [0000021595D1F500][00000215961A05C0 49] Android_Mali_G710_Vulkan, [0000021595D70900][00000215961A4740 49] Android_Vulkan_SM5, [0000021595D1CF00][00000215961A88C0 49] Android_PowerVR_G6xxx, [0000021595D71200][00000215961ACA40 49] Android_PowerVR_GT7xxx, [0000021595D1E500][00000215961B0BC0 49] Android_PowerVR_GE8xxx, [0000021595D73500][00000215961B4D40 49] Android_PowerVR_GM9xxx, [0000021595D1FD00][00000215961B8EC0 49] Android_PowerVR_GM9xxx_Vulkan, [0000021595D72800][00000215961BD040 49] Android_TegraK1, [0000021595D1F100][00000215961C11C0 49] Android_Unknown_Vulkan, [0000021595D72500][00000215961C5340 49] Lumin, [0000021595D1F000][00000215961C94C0 49] Lumin_Desktop, [0000021595D72300][00000215961CD640 49] HoloLens, 
[2021.11.17-06.07.38:892][  0]LogMeshReduction: Using QuadricMeshReduction for automatic static mesh reduction
[2021.11.17-06.07.38:892][  0]LogMeshReduction: Using SimplygonMeshReduction for automatic skeletal mesh reduction
[2021.11.17-06.07.38:892][  0]LogMeshReduction: Using ProxyLODMeshReduction for automatic mesh merging
[2021.11.17-06.07.38:892][  0]LogMeshReduction: No distributed automatic mesh merging module available
[2021.11.17-06.07.38:892][  0]LogMeshMerging: No distributed automatic mesh merging module available
[2021.11.17-06.07.39:118][  0]LogNetVersion: LSDSIM 1.0.0, NetCL: 17155196, EngineNetVer: 17, GameNetVer: 0 (Checksum: 630013700)
